<testsuites id="" name="" tests="11" failures="11" skipped="0" errors="0" time="25.571027">
<testsuite name="westley-croup-score.spec.ts" timestamp="2025-07-07T17:37:42.359Z" hostname="chromium" tests="11" failures="11" skipped="0" time="132.445" errors="0">
<testcase name="Westley Croup Score Calculator - Medical Logic › should calculate correctly: Minimal symptoms - Let croup (Score 0)" classname="westley-croup-score.spec.ts" time="12.362">
<failure message="westley-croup-score.spec.ts:106:5 should calculate correctly: Minimal symptoms - Let croup (Score 0)" type="FAILURE">
<![CDATA[  [chromium] › westley-croup-score.spec.ts:106:5 › Westley Croup Score Calculator - Medical Logic › should calculate correctly: Minimal symptoms - Let croup (Score 0) 

    TimeoutError: page.waitForSelector: Timeout 10000ms exceeded.
    Call log:
      - waiting for locator('[data-testid="results-section"]') to be visible


       at helpers/calculator-helpers.ts:178

      176 |     
      177 |     // Wait for calculation to complete - wait for results section to appear
    > 178 |     await this.page.waitForSelector('[data-testid="results-section"]', { timeout: 10000 })
          |                     ^
      179 |   }
      180 |
      181 |   async resetForm() {
        at WestleyCroupCalculatorHelper.submitCalculation (/Users/tej/localhost/medibox-vue-components/tests/playwright/helpers/calculator-helpers.ts:178:21)
        at /Users/tej/localhost/medibox-vue-components/tests/playwright/westley-croup-score.spec.ts:114:7

    attachment #1: screenshot (image/png) ──────────────────────────────────────────────────────────
    test-results/westley-croup-score-Westle-f0d5c-mptoms---Let-croup-Score-0--chromium/test-failed-1.png
    ────────────────────────────────────────────────────────────────────────────────────────────────

    attachment #2: video (video/webm) ──────────────────────────────────────────────────────────────
    test-results/westley-croup-score-Westle-f0d5c-mptoms---Let-croup-Score-0--chromium/video.webm
    ────────────────────────────────────────────────────────────────────────────────────────────────

    Error Context: ../../test-results/westley-croup-score-Westle-f0d5c-mptoms---Let-croup-Score-0--chromium/error-context.md

    attachment #4: trace (application/zip) ─────────────────────────────────────────────────────────
    test-results/westley-croup-score-Westle-f0d5c-mptoms---Let-croup-Score-0--chromium/trace.zip
    Usage:

        npx playwright show-trace test-results/westley-croup-score-Westle-f0d5c-mptoms---Let-croup-Score-0--chromium/trace.zip

    ────────────────────────────────────────────────────────────────────────────────────────────────
]]>
</failure>
<system-out>
<![CDATA[
[[ATTACHMENT|../test-results/westley-croup-score-Westle-f0d5c-mptoms---Let-croup-Score-0--chromium/test-failed-1.png]]

[[ATTACHMENT|../test-results/westley-croup-score-Westle-f0d5c-mptoms---Let-croup-Score-0--chromium/video.webm]]

[[ATTACHMENT|../test-results/westley-croup-score-Westle-f0d5c-mptoms---Let-croup-Score-0--chromium/error-context.md]]

[[ATTACHMENT|../test-results/westley-croup-score-Westle-f0d5c-mptoms---Let-croup-Score-0--chromium/trace.zip]]
]]>
</system-out>
</testcase>
<testcase name="Westley Croup Score Calculator - Medical Logic › should calculate correctly: Mild symptoms - Let croup (Score 2)" classname="westley-croup-score.spec.ts" time="12.36">
<failure message="westley-croup-score.spec.ts:106:5 should calculate correctly: Mild symptoms - Let croup (Score 2)" type="FAILURE">
<![CDATA[  [chromium] › westley-croup-score.spec.ts:106:5 › Westley Croup Score Calculator - Medical Logic › should calculate correctly: Mild symptoms - Let croup (Score 2) 

    TimeoutError: page.waitForSelector: Timeout 10000ms exceeded.
    Call log:
      - waiting for locator('[data-testid="results-section"]') to be visible


       at helpers/calculator-helpers.ts:178

      176 |     
      177 |     // Wait for calculation to complete - wait for results section to appear
    > 178 |     await this.page.waitForSelector('[data-testid="results-section"]', { timeout: 10000 })
          |                     ^
      179 |   }
      180 |
      181 |   async resetForm() {
        at WestleyCroupCalculatorHelper.submitCalculation (/Users/tej/localhost/medibox-vue-components/tests/playwright/helpers/calculator-helpers.ts:178:21)
        at /Users/tej/localhost/medibox-vue-components/tests/playwright/westley-croup-score.spec.ts:114:7

    attachment #1: screenshot (image/png) ──────────────────────────────────────────────────────────
    test-results/westley-croup-score-Westle-f0c95-mptoms---Let-croup-Score-2--chromium/test-failed-1.png
    ────────────────────────────────────────────────────────────────────────────────────────────────

    attachment #2: video (video/webm) ──────────────────────────────────────────────────────────────
    test-results/westley-croup-score-Westle-f0c95-mptoms---Let-croup-Score-2--chromium/video.webm
    ────────────────────────────────────────────────────────────────────────────────────────────────

    Error Context: ../../test-results/westley-croup-score-Westle-f0c95-mptoms---Let-croup-Score-2--chromium/error-context.md

    attachment #4: trace (application/zip) ─────────────────────────────────────────────────────────
    test-results/westley-croup-score-Westle-f0c95-mptoms---Let-croup-Score-2--chromium/trace.zip
    Usage:

        npx playwright show-trace test-results/westley-croup-score-Westle-f0c95-mptoms---Let-croup-Score-2--chromium/trace.zip

    ────────────────────────────────────────────────────────────────────────────────────────────────
]]>
</failure>
<system-out>
<![CDATA[
[[ATTACHMENT|../test-results/westley-croup-score-Westle-f0c95-mptoms---Let-croup-Score-2--chromium/test-failed-1.png]]

[[ATTACHMENT|../test-results/westley-croup-score-Westle-f0c95-mptoms---Let-croup-Score-2--chromium/video.webm]]

[[ATTACHMENT|../test-results/westley-croup-score-Westle-f0c95-mptoms---Let-croup-Score-2--chromium/error-context.md]]

[[ATTACHMENT|../test-results/westley-croup-score-Westle-f0c95-mptoms---Let-croup-Score-2--chromium/trace.zip]]
]]>
</system-out>
</testcase>
<testcase name="Westley Croup Score Calculator - Medical Logic › should calculate correctly: Moderate symptoms - Moderat croup (Score 3)" classname="westley-croup-score.spec.ts" time="12.38">
<failure message="westley-croup-score.spec.ts:106:5 should calculate correctly: Moderate symptoms - Moderat croup (Score 3)" type="FAILURE">
<![CDATA[  [chromium] › westley-croup-score.spec.ts:106:5 › Westley Croup Score Calculator - Medical Logic › should calculate correctly: Moderate symptoms - Moderat croup (Score 3) 

    TimeoutError: page.waitForSelector: Timeout 10000ms exceeded.
    Call log:
      - waiting for locator('[data-testid="results-section"]') to be visible


       at helpers/calculator-helpers.ts:178

      176 |     
      177 |     // Wait for calculation to complete - wait for results section to appear
    > 178 |     await this.page.waitForSelector('[data-testid="results-section"]', { timeout: 10000 })
          |                     ^
      179 |   }
      180 |
      181 |   async resetForm() {
        at WestleyCroupCalculatorHelper.submitCalculation (/Users/tej/localhost/medibox-vue-components/tests/playwright/helpers/calculator-helpers.ts:178:21)
        at /Users/tej/localhost/medibox-vue-components/tests/playwright/westley-croup-score.spec.ts:114:7

    attachment #1: screenshot (image/png) ──────────────────────────────────────────────────────────
    test-results/westley-croup-score-Westle-cdbe0-ms---Moderat-croup-Score-3--chromium/test-failed-1.png
    ────────────────────────────────────────────────────────────────────────────────────────────────

    attachment #2: video (video/webm) ──────────────────────────────────────────────────────────────
    test-results/westley-croup-score-Westle-cdbe0-ms---Moderat-croup-Score-3--chromium/video.webm
    ────────────────────────────────────────────────────────────────────────────────────────────────

    Error Context: ../../test-results/westley-croup-score-Westle-cdbe0-ms---Moderat-croup-Score-3--chromium/error-context.md

    attachment #4: trace (application/zip) ─────────────────────────────────────────────────────────
    test-results/westley-croup-score-Westle-cdbe0-ms---Moderat-croup-Score-3--chromium/trace.zip
    Usage:

        npx playwright show-trace test-results/westley-croup-score-Westle-cdbe0-ms---Moderat-croup-Score-3--chromium/trace.zip

    ────────────────────────────────────────────────────────────────────────────────────────────────
]]>
</failure>
<system-out>
<![CDATA[
[[ATTACHMENT|../test-results/westley-croup-score-Westle-cdbe0-ms---Moderat-croup-Score-3--chromium/test-failed-1.png]]

[[ATTACHMENT|../test-results/westley-croup-score-Westle-cdbe0-ms---Moderat-croup-Score-3--chromium/video.webm]]

[[ATTACHMENT|../test-results/westley-croup-score-Westle-cdbe0-ms---Moderat-croup-Score-3--chromium/error-context.md]]

[[ATTACHMENT|../test-results/westley-croup-score-Westle-cdbe0-ms---Moderat-croup-Score-3--chromium/trace.zip]]
]]>
</system-out>
</testcase>
<testcase name="Westley Croup Score Calculator - Medical Logic › should calculate correctly: Moderate-high symptoms - Moderat croup (Score 5)" classname="westley-croup-score.spec.ts" time="12.358">
<failure message="westley-croup-score.spec.ts:106:5 should calculate correctly: Moderate-high symptoms - Moderat croup (Score 5)" type="FAILURE">
<![CDATA[  [chromium] › westley-croup-score.spec.ts:106:5 › Westley Croup Score Calculator - Medical Logic › should calculate correctly: Moderate-high symptoms - Moderat croup (Score 5) 

    TimeoutError: page.waitForSelector: Timeout 10000ms exceeded.
    Call log:
      - waiting for locator('[data-testid="results-section"]') to be visible


       at helpers/calculator-helpers.ts:178

      176 |     
      177 |     // Wait for calculation to complete - wait for results section to appear
    > 178 |     await this.page.waitForSelector('[data-testid="results-section"]', { timeout: 10000 })
          |                     ^
      179 |   }
      180 |
      181 |   async resetForm() {
        at WestleyCroupCalculatorHelper.submitCalculation (/Users/tej/localhost/medibox-vue-components/tests/playwright/helpers/calculator-helpers.ts:178:21)
        at /Users/tej/localhost/medibox-vue-components/tests/playwright/westley-croup-score.spec.ts:114:7

    attachment #1: screenshot (image/png) ──────────────────────────────────────────────────────────
    test-results/westley-croup-score-Westle-57b6a-ms---Moderat-croup-Score-5--chromium/test-failed-1.png
    ────────────────────────────────────────────────────────────────────────────────────────────────

    attachment #2: video (video/webm) ──────────────────────────────────────────────────────────────
    test-results/westley-croup-score-Westle-57b6a-ms---Moderat-croup-Score-5--chromium/video.webm
    ────────────────────────────────────────────────────────────────────────────────────────────────

    Error Context: ../../test-results/westley-croup-score-Westle-57b6a-ms---Moderat-croup-Score-5--chromium/error-context.md

    attachment #4: trace (application/zip) ─────────────────────────────────────────────────────────
    test-results/westley-croup-score-Westle-57b6a-ms---Moderat-croup-Score-5--chromium/trace.zip
    Usage:

        npx playwright show-trace test-results/westley-croup-score-Westle-57b6a-ms---Moderat-croup-Score-5--chromium/trace.zip

    ────────────────────────────────────────────────────────────────────────────────────────────────
]]>
</failure>
<system-out>
<![CDATA[
[[ATTACHMENT|../test-results/westley-croup-score-Westle-57b6a-ms---Moderat-croup-Score-5--chromium/test-failed-1.png]]

[[ATTACHMENT|../test-results/westley-croup-score-Westle-57b6a-ms---Moderat-croup-Score-5--chromium/video.webm]]

[[ATTACHMENT|../test-results/westley-croup-score-Westle-57b6a-ms---Moderat-croup-Score-5--chromium/error-context.md]]

[[ATTACHMENT|../test-results/westley-croup-score-Westle-57b6a-ms---Moderat-croup-Score-5--chromium/trace.zip]]
]]>
</system-out>
</testcase>
<testcase name="Westley Croup Score Calculator - Medical Logic › should calculate correctly: Severe symptoms - Alvorlig croup (Score 6)" classname="westley-croup-score.spec.ts" time="12.382">
<failure message="westley-croup-score.spec.ts:106:5 should calculate correctly: Severe symptoms - Alvorlig croup (Score 6)" type="FAILURE">
<![CDATA[  [chromium] › westley-croup-score.spec.ts:106:5 › Westley Croup Score Calculator - Medical Logic › should calculate correctly: Severe symptoms - Alvorlig croup (Score 6) 

    TimeoutError: page.waitForSelector: Timeout 10000ms exceeded.
    Call log:
      - waiting for locator('[data-testid="results-section"]') to be visible


       at helpers/calculator-helpers.ts:178

      176 |     
      177 |     // Wait for calculation to complete - wait for results section to appear
    > 178 |     await this.page.waitForSelector('[data-testid="results-section"]', { timeout: 10000 })
          |                     ^
      179 |   }
      180 |
      181 |   async resetForm() {
        at WestleyCroupCalculatorHelper.submitCalculation (/Users/tej/localhost/medibox-vue-components/tests/playwright/helpers/calculator-helpers.ts:178:21)
        at /Users/tej/localhost/medibox-vue-components/tests/playwright/westley-croup-score.spec.ts:114:7

    attachment #1: screenshot (image/png) ──────────────────────────────────────────────────────────
    test-results/westley-croup-score-Westle-d7eb3-s---Alvorlig-croup-Score-6--chromium/test-failed-1.png
    ────────────────────────────────────────────────────────────────────────────────────────────────

    attachment #2: video (video/webm) ──────────────────────────────────────────────────────────────
    test-results/westley-croup-score-Westle-d7eb3-s---Alvorlig-croup-Score-6--chromium/video.webm
    ────────────────────────────────────────────────────────────────────────────────────────────────

    Error Context: ../../test-results/westley-croup-score-Westle-d7eb3-s---Alvorlig-croup-Score-6--chromium/error-context.md

    attachment #4: trace (application/zip) ─────────────────────────────────────────────────────────
    test-results/westley-croup-score-Westle-d7eb3-s---Alvorlig-croup-Score-6--chromium/trace.zip
    Usage:

        npx playwright show-trace test-results/westley-croup-score-Westle-d7eb3-s---Alvorlig-croup-Score-6--chromium/trace.zip

    ────────────────────────────────────────────────────────────────────────────────────────────────
]]>
</failure>
<system-out>
<![CDATA[
[[ATTACHMENT|../test-results/westley-croup-score-Westle-d7eb3-s---Alvorlig-croup-Score-6--chromium/test-failed-1.png]]

[[ATTACHMENT|../test-results/westley-croup-score-Westle-d7eb3-s---Alvorlig-croup-Score-6--chromium/video.webm]]

[[ATTACHMENT|../test-results/westley-croup-score-Westle-d7eb3-s---Alvorlig-croup-Score-6--chromium/error-context.md]]

[[ATTACHMENT|../test-results/westley-croup-score-Westle-d7eb3-s---Alvorlig-croup-Score-6--chromium/trace.zip]]
]]>
</system-out>
</testcase>
<testcase name="Westley Croup Score Calculator - Medical Logic › should calculate correctly: Critical symptoms - Alvorlig croup (Score 10)" classname="westley-croup-score.spec.ts" time="12.404">
<failure message="westley-croup-score.spec.ts:106:5 should calculate correctly: Critical symptoms - Alvorlig croup (Score 10)" type="FAILURE">
<![CDATA[  [chromium] › westley-croup-score.spec.ts:106:5 › Westley Croup Score Calculator - Medical Logic › should calculate correctly: Critical symptoms - Alvorlig croup (Score 10) 

    TimeoutError: page.waitForSelector: Timeout 10000ms exceeded.
    Call log:
      - waiting for locator('[data-testid="results-section"]') to be visible


       at helpers/calculator-helpers.ts:178

      176 |     
      177 |     // Wait for calculation to complete - wait for results section to appear
    > 178 |     await this.page.waitForSelector('[data-testid="results-section"]', { timeout: 10000 })
          |                     ^
      179 |   }
      180 |
      181 |   async resetForm() {
        at WestleyCroupCalculatorHelper.submitCalculation (/Users/tej/localhost/medibox-vue-components/tests/playwright/helpers/calculator-helpers.ts:178:21)
        at /Users/tej/localhost/medibox-vue-components/tests/playwright/westley-croup-score.spec.ts:114:7

    attachment #1: screenshot (image/png) ──────────────────────────────────────────────────────────
    test-results/westley-croup-score-Westle-e9fa9----Alvorlig-croup-Score-10--chromium/test-failed-1.png
    ────────────────────────────────────────────────────────────────────────────────────────────────

    attachment #2: video (video/webm) ──────────────────────────────────────────────────────────────
    test-results/westley-croup-score-Westle-e9fa9----Alvorlig-croup-Score-10--chromium/video.webm
    ────────────────────────────────────────────────────────────────────────────────────────────────

    Error Context: ../../test-results/westley-croup-score-Westle-e9fa9----Alvorlig-croup-Score-10--chromium/error-context.md

    attachment #4: trace (application/zip) ─────────────────────────────────────────────────────────
    test-results/westley-croup-score-Westle-e9fa9----Alvorlig-croup-Score-10--chromium/trace.zip
    Usage:

        npx playwright show-trace test-results/westley-croup-score-Westle-e9fa9----Alvorlig-croup-Score-10--chromium/trace.zip

    ────────────────────────────────────────────────────────────────────────────────────────────────
]]>
</failure>
<system-out>
<![CDATA[
[[ATTACHMENT|../test-results/westley-croup-score-Westle-e9fa9----Alvorlig-croup-Score-10--chromium/test-failed-1.png]]

[[ATTACHMENT|../test-results/westley-croup-score-Westle-e9fa9----Alvorlig-croup-Score-10--chromium/video.webm]]

[[ATTACHMENT|../test-results/westley-croup-score-Westle-e9fa9----Alvorlig-croup-Score-10--chromium/error-context.md]]

[[ATTACHMENT|../test-results/westley-croup-score-Westle-e9fa9----Alvorlig-croup-Score-10--chromium/trace.zip]]
]]>
</system-out>
</testcase>
<testcase name="Westley Croup Score Calculator - Medical Logic › should calculate correctly: High score example - Alvorlig croup (Score 13)" classname="westley-croup-score.spec.ts" time="12.349">
<failure message="westley-croup-score.spec.ts:106:5 should calculate correctly: High score example - Alvorlig croup (Score 13)" type="FAILURE">
<![CDATA[  [chromium] › westley-croup-score.spec.ts:106:5 › Westley Croup Score Calculator - Medical Logic › should calculate correctly: High score example - Alvorlig croup (Score 13) 

    TimeoutError: page.waitForSelector: Timeout 10000ms exceeded.
    Call log:
      - waiting for locator('[data-testid="results-section"]') to be visible


       at helpers/calculator-helpers.ts:178

      176 |     
      177 |     // Wait for calculation to complete - wait for results section to appear
    > 178 |     await this.page.waitForSelector('[data-testid="results-section"]', { timeout: 10000 })
          |                     ^
      179 |   }
      180 |
      181 |   async resetForm() {
        at WestleyCroupCalculatorHelper.submitCalculation (/Users/tej/localhost/medibox-vue-components/tests/playwright/helpers/calculator-helpers.ts:178:21)
        at /Users/tej/localhost/medibox-vue-components/tests/playwright/westley-croup-score.spec.ts:114:7

    attachment #1: screenshot (image/png) ──────────────────────────────────────────────────────────
    test-results/westley-croup-score-Westle-6d8ec----Alvorlig-croup-Score-13--chromium/test-failed-1.png
    ────────────────────────────────────────────────────────────────────────────────────────────────

    attachment #2: video (video/webm) ──────────────────────────────────────────────────────────────
    test-results/westley-croup-score-Westle-6d8ec----Alvorlig-croup-Score-13--chromium/video.webm
    ────────────────────────────────────────────────────────────────────────────────────────────────

    Error Context: ../../test-results/westley-croup-score-Westle-6d8ec----Alvorlig-croup-Score-13--chromium/error-context.md

    attachment #4: trace (application/zip) ─────────────────────────────────────────────────────────
    test-results/westley-croup-score-Westle-6d8ec----Alvorlig-croup-Score-13--chromium/trace.zip
    Usage:

        npx playwright show-trace test-results/westley-croup-score-Westle-6d8ec----Alvorlig-croup-Score-13--chromium/trace.zip

    ────────────────────────────────────────────────────────────────────────────────────────────────
]]>
</failure>
<system-out>
<![CDATA[
[[ATTACHMENT|../test-results/westley-croup-score-Westle-6d8ec----Alvorlig-croup-Score-13--chromium/test-failed-1.png]]

[[ATTACHMENT|../test-results/westley-croup-score-Westle-6d8ec----Alvorlig-croup-Score-13--chromium/video.webm]]

[[ATTACHMENT|../test-results/westley-croup-score-Westle-6d8ec----Alvorlig-croup-Score-13--chromium/error-context.md]]

[[ATTACHMENT|../test-results/westley-croup-score-Westle-6d8ec----Alvorlig-croup-Score-13--chromium/trace.zip]]
]]>
</system-out>
</testcase>
<testcase name="Westley Croup Score Calculator - Medical Logic › should calculate correctly: Maximum possible score - Alvorlig croup (Score 17)" classname="westley-croup-score.spec.ts" time="11.481">
<failure message="westley-croup-score.spec.ts:106:5 should calculate correctly: Maximum possible score - Alvorlig croup (Score 17)" type="FAILURE">
<![CDATA[  [chromium] › westley-croup-score.spec.ts:106:5 › Westley Croup Score Calculator - Medical Logic › should calculate correctly: Maximum possible score - Alvorlig croup (Score 17) 

    TimeoutError: page.waitForSelector: Timeout 10000ms exceeded.
    Call log:
      - waiting for locator('[data-testid="results-section"]') to be visible


       at helpers/calculator-helpers.ts:178

      176 |     
      177 |     // Wait for calculation to complete - wait for results section to appear
    > 178 |     await this.page.waitForSelector('[data-testid="results-section"]', { timeout: 10000 })
          |                     ^
      179 |   }
      180 |
      181 |   async resetForm() {
        at WestleyCroupCalculatorHelper.submitCalculation (/Users/tej/localhost/medibox-vue-components/tests/playwright/helpers/calculator-helpers.ts:178:21)
        at /Users/tej/localhost/medibox-vue-components/tests/playwright/westley-croup-score.spec.ts:114:7

    attachment #1: screenshot (image/png) ──────────────────────────────────────────────────────────
    test-results/westley-croup-score-Westle-cb3e8----Alvorlig-croup-Score-17--chromium/test-failed-1.png
    ────────────────────────────────────────────────────────────────────────────────────────────────

    attachment #2: video (video/webm) ──────────────────────────────────────────────────────────────
    test-results/westley-croup-score-Westle-cb3e8----Alvorlig-croup-Score-17--chromium/video.webm
    ────────────────────────────────────────────────────────────────────────────────────────────────

    Error Context: ../../test-results/westley-croup-score-Westle-cb3e8----Alvorlig-croup-Score-17--chromium/error-context.md

    attachment #4: trace (application/zip) ─────────────────────────────────────────────────────────
    test-results/westley-croup-score-Westle-cb3e8----Alvorlig-croup-Score-17--chromium/trace.zip
    Usage:

        npx playwright show-trace test-results/westley-croup-score-Westle-cb3e8----Alvorlig-croup-Score-17--chromium/trace.zip

    ────────────────────────────────────────────────────────────────────────────────────────────────
]]>
</failure>
<system-out>
<![CDATA[
[[ATTACHMENT|../test-results/westley-croup-score-Westle-cb3e8----Alvorlig-croup-Score-17--chromium/test-failed-1.png]]

[[ATTACHMENT|../test-results/westley-croup-score-Westle-cb3e8----Alvorlig-croup-Score-17--chromium/video.webm]]

[[ATTACHMENT|../test-results/westley-croup-score-Westle-cb3e8----Alvorlig-croup-Score-17--chromium/error-context.md]]

[[ATTACHMENT|../test-results/westley-croup-score-Westle-cb3e8----Alvorlig-croup-Score-17--chromium/trace.zip]]
]]>
</system-out>
</testcase>
<testcase name="Westley Croup Score Calculator - Medical Logic › should handle edge case: Boundary case - Score exactly 2 (still Let croup)" classname="westley-croup-score.spec.ts" time="11.46">
<failure message="westley-croup-score.spec.ts:127:5 should handle edge case: Boundary case - Score exactly 2 (still Let croup)" type="FAILURE">
<![CDATA[  [chromium] › westley-croup-score.spec.ts:127:5 › Westley Croup Score Calculator - Medical Logic › should handle edge case: Boundary case - Score exactly 2 (still Let croup) 

    TimeoutError: page.waitForSelector: Timeout 10000ms exceeded.
    Call log:
      - waiting for locator('[data-testid="results-section"]') to be visible


       at helpers/calculator-helpers.ts:178

      176 |     
      177 |     // Wait for calculation to complete - wait for results section to appear
    > 178 |     await this.page.waitForSelector('[data-testid="results-section"]', { timeout: 10000 })
          |                     ^
      179 |   }
      180 |
      181 |   async resetForm() {
        at WestleyCroupCalculatorHelper.submitCalculation (/Users/tej/localhost/medibox-vue-components/tests/playwright/helpers/calculator-helpers.ts:178:21)
        at /Users/tej/localhost/medibox-vue-components/tests/playwright/westley-croup-score.spec.ts:130:7

    attachment #1: screenshot (image/png) ──────────────────────────────────────────────────────────
    test-results/westley-croup-score-Westle-0ed30--exactly-2-still-Let-croup--chromium/test-failed-1.png
    ────────────────────────────────────────────────────────────────────────────────────────────────

    attachment #2: video (video/webm) ──────────────────────────────────────────────────────────────
    test-results/westley-croup-score-Westle-0ed30--exactly-2-still-Let-croup--chromium/video.webm
    ────────────────────────────────────────────────────────────────────────────────────────────────

    Error Context: ../../test-results/westley-croup-score-Westle-0ed30--exactly-2-still-Let-croup--chromium/error-context.md

    attachment #4: trace (application/zip) ─────────────────────────────────────────────────────────
    test-results/westley-croup-score-Westle-0ed30--exactly-2-still-Let-croup--chromium/trace.zip
    Usage:

        npx playwright show-trace test-results/westley-croup-score-Westle-0ed30--exactly-2-still-Let-croup--chromium/trace.zip

    ────────────────────────────────────────────────────────────────────────────────────────────────
]]>
</failure>
<system-out>
<![CDATA[
[[ATTACHMENT|../test-results/westley-croup-score-Westle-0ed30--exactly-2-still-Let-croup--chromium/test-failed-1.png]]

[[ATTACHMENT|../test-results/westley-croup-score-Westle-0ed30--exactly-2-still-Let-croup--chromium/video.webm]]

[[ATTACHMENT|../test-results/westley-croup-score-Westle-0ed30--exactly-2-still-Let-croup--chromium/error-context.md]]

[[ATTACHMENT|../test-results/westley-croup-score-Westle-0ed30--exactly-2-still-Let-croup--chromium/trace.zip]]
]]>
</system-out>
</testcase>
<testcase name="Westley Croup Score Calculator - Medical Logic › should handle edge case: Boundary case - Score exactly 3 (transitions to Moderat)" classname="westley-croup-score.spec.ts" time="11.458">
<failure message="westley-croup-score.spec.ts:127:5 should handle edge case: Boundary case - Score exactly 3 (transitions to Moderat)" type="FAILURE">
<![CDATA[  [chromium] › westley-croup-score.spec.ts:127:5 › Westley Croup Score Calculator - Medical Logic › should handle edge case: Boundary case - Score exactly 3 (transitions to Moderat) 

    TimeoutError: page.waitForSelector: Timeout 10000ms exceeded.
    Call log:
      - waiting for locator('[data-testid="results-section"]') to be visible


       at helpers/calculator-helpers.ts:178

      176 |     
      177 |     // Wait for calculation to complete - wait for results section to appear
    > 178 |     await this.page.waitForSelector('[data-testid="results-section"]', { timeout: 10000 })
          |                     ^
      179 |   }
      180 |
      181 |   async resetForm() {
        at WestleyCroupCalculatorHelper.submitCalculation (/Users/tej/localhost/medibox-vue-components/tests/playwright/helpers/calculator-helpers.ts:178:21)
        at /Users/tej/localhost/medibox-vue-components/tests/playwright/westley-croup-score.spec.ts:130:7

    attachment #1: screenshot (image/png) ──────────────────────────────────────────────────────────
    test-results/westley-croup-score-Westle-a7ea7-y-3-transitions-to-Moderat--chromium/test-failed-1.png
    ────────────────────────────────────────────────────────────────────────────────────────────────

    attachment #2: video (video/webm) ──────────────────────────────────────────────────────────────
    test-results/westley-croup-score-Westle-a7ea7-y-3-transitions-to-Moderat--chromium/video.webm
    ────────────────────────────────────────────────────────────────────────────────────────────────

    Error Context: ../../test-results/westley-croup-score-Westle-a7ea7-y-3-transitions-to-Moderat--chromium/error-context.md

    attachment #4: trace (application/zip) ─────────────────────────────────────────────────────────
    test-results/westley-croup-score-Westle-a7ea7-y-3-transitions-to-Moderat--chromium/trace.zip
    Usage:

        npx playwright show-trace test-results/westley-croup-score-Westle-a7ea7-y-3-transitions-to-Moderat--chromium/trace.zip

    ────────────────────────────────────────────────────────────────────────────────────────────────
]]>
</failure>
<system-out>
<![CDATA[
[[ATTACHMENT|../test-results/westley-croup-score-Westle-a7ea7-y-3-transitions-to-Moderat--chromium/test-failed-1.png]]

[[ATTACHMENT|../test-results/westley-croup-score-Westle-a7ea7-y-3-transitions-to-Moderat--chromium/video.webm]]

[[ATTACHMENT|../test-results/westley-croup-score-Westle-a7ea7-y-3-transitions-to-Moderat--chromium/error-context.md]]

[[ATTACHMENT|../test-results/westley-croup-score-Westle-a7ea7-y-3-transitions-to-Moderat--chromium/trace.zip]]
]]>
</system-out>
</testcase>
<testcase name="Westley Croup Score Calculator - Medical Logic › should validate official Westley Croup Score ranges" classname="westley-croup-score.spec.ts" time="11.451">
<failure message="westley-croup-score.spec.ts:140:3 should validate official Westley Croup Score ranges" type="FAILURE">
<![CDATA[  [chromium] › westley-croup-score.spec.ts:140:3 › Westley Croup Score Calculator - Medical Logic › should validate official Westley Croup Score ranges 

    TimeoutError: page.waitForSelector: Timeout 10000ms exceeded.
    Call log:
      - waiting for locator('[data-testid="results-section"]') to be visible


       at helpers/calculator-helpers.ts:178

      176 |     
      177 |     // Wait for calculation to complete - wait for results section to appear
    > 178 |     await this.page.waitForSelector('[data-testid="results-section"]', { timeout: 10000 })
          |                     ^
      179 |   }
      180 |
      181 |   async resetForm() {
        at WestleyCroupCalculatorHelper.submitCalculation (/Users/tej/localhost/medibox-vue-components/tests/playwright/helpers/calculator-helpers.ts:178:21)
        at /Users/tej/localhost/medibox-vue-components/tests/playwright/westley-croup-score.spec.ts:152:5

    attachment #1: screenshot (image/png) ──────────────────────────────────────────────────────────
    test-results/westley-croup-score-Westle-30ffa--Westley-Croup-Score-ranges-chromium/test-failed-1.png
    ────────────────────────────────────────────────────────────────────────────────────────────────

    attachment #2: video (video/webm) ──────────────────────────────────────────────────────────────
    test-results/westley-croup-score-Westle-30ffa--Westley-Croup-Score-ranges-chromium/video.webm
    ────────────────────────────────────────────────────────────────────────────────────────────────

    Error Context: ../../test-results/westley-croup-score-Westle-30ffa--Westley-Croup-Score-ranges-chromium/error-context.md

    attachment #4: trace (application/zip) ─────────────────────────────────────────────────────────
    test-results/westley-croup-score-Westle-30ffa--Westley-Croup-Score-ranges-chromium/trace.zip
    Usage:

        npx playwright show-trace test-results/westley-croup-score-Westle-30ffa--Westley-Croup-Score-ranges-chromium/trace.zip

    ────────────────────────────────────────────────────────────────────────────────────────────────
]]>
</failure>
<system-out>
<![CDATA[
[[ATTACHMENT|../test-results/westley-croup-score-Westle-30ffa--Westley-Croup-Score-ranges-chromium/test-failed-1.png]]

[[ATTACHMENT|../test-results/westley-croup-score-Westle-30ffa--Westley-Croup-Score-ranges-chromium/video.webm]]

[[ATTACHMENT|../test-results/westley-croup-score-Westle-30ffa--Westley-Croup-Score-ranges-chromium/error-context.md]]

[[ATTACHMENT|../test-results/westley-croup-score-Westle-30ffa--Westley-Croup-Score-ranges-chromium/trace.zip]]
]]>
</system-out>
</testcase>
</testsuite>
</testsuites>